\BOOKMARK [1][-]{section.1}{\376\377\000I\000n\000t\000r\000o\000d\000u\000c\000t\000i\000o\000n}{}% 1
\BOOKMARK [1][-]{section.2}{\376\377\000A\000r\000c\000h\000i\000t\000e\000c\000t\000u\000r\000a\000l\000\040\000O\000v\000e\000r\000v\000i\000e\000w}{}% 2
\BOOKMARK [1][-]{section.3}{\376\377\000C\000o\000r\000e\000\040\000S\000e\000r\000v\000i\000c\000e\000s}{}% 3
\BOOKMARK [2][-]{subsubsection.3.0.1}{\376\377\000G\000a\000s\000\040\000B\000a\000n\000k}{section.3}% 4
\BOOKMARK [3][-]{subsubsection.3.0.2}{\376\377\000M\000e\000t\000a\000\040\000T\000r\000a\000n\000s\000a\000c\000t\000i\000o\000n\000\040\000S\000e\000r\000v\000i\000c\000e}{subsubsection.3.0.1}% 5
\BOOKMARK [3][-]{subsubsection.3.0.3}{\376\377\000O\000r\000a\000c\000l\000e\000\040\000S\000e\000r\000v\000i\000c\000e}{subsubsection.3.0.1}% 6
\BOOKMARK [3][-]{subsubsection.3.0.4}{\376\377\000E\000v\000e\000n\000t\000\040\000M\000e\000s\000s\000a\000g\000i\000n\000g\000\040\000S\000y\000s\000t\000e\000m}{subsubsection.3.0.1}% 7
\BOOKMARK [3][-]{subsubsection.3.0.5}{\376\377\000F\000u\000n\000c\000t\000i\000o\000n\000\040\000D\000e\000p\000l\000o\000y\000m\000e\000n\000t\000\040\000a\000n\000d\000\040\000E\000x\000e\000c\000u\000t\000i\000o\000n}{subsubsection.3.0.1}% 8
\BOOKMARK [3][-]{subsubsection.3.0.6}{\376\377\000S\000e\000c\000r\000e\000t\000\040\000S\000t\000o\000r\000a\000g\000e\000\040\000a\000n\000d\000\040\000M\000a\000n\000a\000g\000e\000m\000e\000n\000t}{subsubsection.3.0.1}% 9
\BOOKMARK [3][-]{subsubsection.3.0.7}{\376\377\000S\000a\000n\000d\000b\000o\000x\000\040\000S\000e\000c\000u\000r\000i\000t\000y}{subsubsection.3.0.1}% 10
\BOOKMARK [3][-]{subsubsection.3.0.8}{\376\377\000T\000r\000u\000s\000t\000e\000d\000\040\000E\000x\000e\000c\000u\000t\000i\000o\000n\000\040\000E\000n\000v\000i\000r\000o\000n\000m\000e\000n\000t\000\040\000\050\000T\000E\000E\000\051}{subsubsection.3.0.1}% 11
\BOOKMARK [3][-]{subsubsection.3.0.9}{\376\377\000S\000m\000a\000r\000t\000\040\000C\000o\000n\000t\000r\000a\000c\000t\000\040\000I\000n\000t\000e\000g\000r\000a\000t\000i\000o\000n}{subsubsection.3.0.1}% 12
\BOOKMARK [3][-]{subsubsection.3.0.10}{\376\377\000A\000d\000v\000a\000n\000c\000e\000d\000\040\000C\000r\000y\000p\000t\000o\000g\000r\000a\000p\000h\000i\000c\000\040\000S\000e\000r\000v\000i\000c\000e\000s}{subsubsection.3.0.1}% 13
\BOOKMARK [3][-]{subsubsection.3.0.11}{\376\377\000A\000b\000s\000t\000r\000a\000c\000t\000\040\000A\000c\000c\000o\000u\000n\000t\000\040\000S\000e\000r\000v\000i\000c\000e}{subsubsection.3.0.1}% 14
\BOOKMARK [1][-]{section.4}{\376\377\000I\000n\000t\000e\000g\000r\000a\000t\000i\000o\000n\000\040\000w\000i\000t\000h\000\040\000N\000e\000o\000\040\000E\000c\000o\000s\000y\000s\000t\000e\000m}{}% 15
\BOOKMARK [2][-]{subsubsection.4.0.1}{\376\377\000I\000n\000t\000e\000g\000r\000a\000t\000i\000o\000n\000\040\000w\000i\000t\000h\000\040\000N\000e\000o\000C\000o\000n\000t\000r\000a\000c\000t}{section.4}% 16
\BOOKMARK [3][-]{subsubsection.4.0.2}{\376\377\000I\000n\000t\000e\000g\000r\000a\000t\000i\000o\000n\000\040\000w\000i\000t\000h\000\040\000D\000i\000g\000i\000t\000a\000l\000\040\000I\000d\000e\000n\000t\000i\000t\000y}{subsubsection.4.0.1}% 17
\BOOKMARK [3][-]{subsubsection.4.0.3}{\376\377\000I\000n\000t\000e\000g\000r\000a\000t\000i\000o\000n\000\040\000w\000i\000t\000h\000\040\000O\000r\000a\000c\000l\000e\000\040\000a\000n\000d\000\040\000I\000n\000t\000e\000r\000o\000p\000e\000r\000a\000b\000i\000l\000i\000t\000y\000\040\000S\000e\000r\000v\000i\000c\000e\000s}{subsubsection.4.0.1}% 18
\BOOKMARK [1][-]{section.5}{\376\377\000S\000e\000c\000u\000r\000i\000t\000y\000\040\000a\000n\000d\000\040\000P\000r\000i\000v\000a\000c\000y\000\040\000C\000o\000n\000s\000i\000d\000e\000r\000a\000t\000i\000o\000n\000s}{}% 19
\BOOKMARK [2][-]{subsubsection.5.0.1}{\376\377\000S\000e\000c\000u\000r\000i\000t\000y\000\040\000A\000r\000c\000h\000i\000t\000e\000c\000t\000u\000r\000e}{section.5}% 20
\BOOKMARK [3][-]{subsubsection.5.0.2}{\376\377\000P\000r\000i\000v\000a\000c\000y\000\040\000F\000e\000a\000t\000u\000r\000e\000s}{subsubsection.5.0.1}% 21
\BOOKMARK [3][-]{subsubsection.5.0.3}{\376\377\000C\000o\000m\000p\000l\000i\000a\000n\000c\000e\000\040\000F\000r\000a\000m\000e\000w\000o\000r\000k}{subsubsection.5.0.1}% 22
\BOOKMARK [1][-]{section.6}{\376\377\000D\000e\000v\000e\000l\000o\000p\000e\000r\000\040\000E\000x\000p\000e\000r\000i\000e\000n\000c\000e}{}% 23
\BOOKMARK [2][-]{subsubsection.6.0.1}{\376\377\000A\000P\000I\000\040\000D\000e\000s\000i\000g\000n}{section.6}% 24
\BOOKMARK [3][-]{subsubsection.6.0.2}{\376\377\000S\000D\000K\000\040\000a\000n\000d\000\040\000L\000i\000b\000r\000a\000r\000i\000e\000s}{subsubsection.6.0.1}% 25
\BOOKMARK [3][-]{subsubsection.6.0.3}{\376\377\000D\000e\000v\000e\000l\000o\000p\000e\000r\000\040\000T\000o\000o\000l\000s}{subsubsection.6.0.1}% 26
\BOOKMARK [1][-]{section.7}{\376\377\000U\000s\000e\000\040\000C\000a\000s\000e\000s\000\040\000a\000n\000d\000\040\000A\000p\000p\000l\000i\000c\000a\000t\000i\000o\000n\000s}{}% 27
\BOOKMARK [2][-]{subsubsection.7.0.1}{\376\377\000D\000e\000c\000e\000n\000t\000r\000a\000l\000i\000z\000e\000d\000\040\000F\000i\000n\000a\000n\000c\000e\000\040\000\050\000D\000e\000F\000i\000\051}{section.7}% 28
\BOOKMARK [3][-]{subsubsection.7.0.2}{\376\377\000G\000a\000m\000i\000n\000g\000\040\000a\000n\000d\000\040\000N\000F\000T\000s}{subsubsection.7.0.1}% 29
\BOOKMARK [3][-]{subsubsection.7.0.3}{\376\377\000E\000n\000t\000e\000r\000p\000r\000i\000s\000e\000\040\000A\000p\000p\000l\000i\000c\000a\000t\000i\000o\000n\000s}{subsubsection.7.0.1}% 30
\BOOKMARK [3][-]{subsubsection.7.0.4}{\376\377\000P\000u\000b\000l\000i\000c\000\040\000G\000o\000o\000d\000s\000\040\000a\000n\000d\000\040\000I\000n\000f\000r\000a\000s\000t\000r\000u\000c\000t\000u\000r\000e}{subsubsection.7.0.1}% 31
\BOOKMARK [1][-]{section.8}{\376\377\000F\000u\000t\000u\000r\000e\000\040\000D\000i\000r\000e\000c\000t\000i\000o\000n\000s}{}% 32
\BOOKMARK [2][-]{subsubsection.8.0.1}{\376\377\000A\000d\000v\000a\000n\000c\000e\000d\000\040\000C\000r\000y\000p\000t\000o\000g\000r\000a\000p\000h\000i\000c\000\040\000T\000e\000c\000h\000n\000i\000q\000u\000e\000s}{section.8}% 33
\BOOKMARK [3][-]{subsubsection.8.0.2}{\376\377\000E\000n\000h\000a\000n\000c\000e\000d\000\040\000I\000n\000t\000e\000r\000o\000p\000e\000r\000a\000b\000i\000l\000i\000t\000y}{subsubsection.8.0.1}% 34
\BOOKMARK [3][-]{subsubsection.8.0.3}{\376\377\000D\000e\000c\000e\000n\000t\000r\000a\000l\000i\000z\000e\000d\000\040\000S\000e\000r\000v\000i\000c\000e\000\040\000P\000r\000o\000v\000i\000s\000i\000o\000n}{subsubsection.8.0.1}% 35
\BOOKMARK [3][-]{subsubsection.8.0.4}{\376\377\000A\000I\000\040\000I\000n\000t\000e\000g\000r\000a\000t\000i\000o\000n}{subsubsection.8.0.1}% 36
\BOOKMARK [1][-]{section.9}{\376\377\000F\000o\000r\000m\000a\000l\000\040\000P\000r\000o\000t\000o\000c\000o\000l\000\040\000S\000p\000e\000c\000i\000f\000i\000c\000a\000t\000i\000o\000n\000s}{}% 37
\BOOKMARK [1][-]{section.10}{\376\377\000E\000v\000e\000n\000t\000\040\000P\000r\000o\000c\000e\000s\000s\000i\000n\000g\000\040\000P\000r\000o\000t\000o\000c\000o\000l}{}% 38
\BOOKMARK [1][-]{section.11}{\376\377\000F\000u\000n\000c\000t\000i\000o\000n\000\040\000D\000e\000p\000l\000o\000y\000m\000e\000n\000t\000\040\000a\000n\000d\000\040\000E\000x\000e\000c\000u\000t\000i\000o\000n\000\040\000P\000r\000o\000t\000o\000c\000o\000l}{}% 39
\BOOKMARK [1][-]{section.12}{\376\377\000S\000e\000c\000r\000e\000t\000\040\000M\000a\000n\000a\000g\000e\000m\000e\000n\000t\000\040\000P\000r\000o\000t\000o\000c\000o\000l}{}% 40
\BOOKMARK [1][-]{section.13}{\376\377\000S\000a\000n\000d\000b\000o\000x\000\040\000S\000e\000c\000u\000r\000i\000t\000y\000\040\000P\000r\000o\000t\000o\000c\000o\000l}{}% 41
\BOOKMARK [1][-]{section.14}{\376\377\000G\000a\000s\000\040\000B\000a\000n\000k\000\040\000O\000p\000e\000r\000a\000t\000i\000o\000n\000s\000\040\000P\000r\000o\000t\000o\000c\000o\000l}{}% 42
\BOOKMARK [1][-]{section.15}{\376\377\000M\000e\000t\000a\000\040\000T\000r\000a\000n\000s\000a\000c\000t\000i\000o\000n\000\040\000P\000r\000o\000t\000o\000c\000o\000l}{}% 43
\BOOKMARK [1][-]{section.16}{\376\377\000S\000m\000a\000r\000t\000\040\000C\000o\000n\000t\000r\000a\000c\000t\000\040\000I\000n\000t\000e\000g\000r\000a\000t\000i\000o\000n\000\040\000P\000r\000o\000t\000o\000c\000o\000l}{}% 44
\BOOKMARK [1][-]{section.17}{\376\377\000P\000r\000i\000c\000e\000\040\000D\000a\000t\000a\000\040\000F\000e\000e\000d\000\040\000P\000r\000o\000t\000o\000c\000o\000l}{}% 45
\BOOKMARK [1][-]{section.18}{\376\377\000A\000d\000v\000a\000n\000c\000e\000d\000\040\000C\000r\000y\000p\000t\000o\000g\000r\000a\000p\000h\000i\000c\000\040\000S\000e\000r\000v\000i\000c\000e\000s\000\040\000P\000r\000o\000t\000o\000c\000o\000l}{}% 46
\BOOKMARK [2][-]{subsection.18.1}{\376\377\000C\000o\000m\000p\000a\000r\000a\000t\000i\000v\000e\000\040\000A\000n\000a\000l\000y\000s\000i\000s\000\040\000o\000f\000\040\000C\000r\000y\000p\000t\000o\000g\000r\000a\000p\000h\000i\000c\000\040\000A\000p\000p\000r\000o\000a\000c\000h\000e\000s}{section.18}% 47
\BOOKMARK [2][-]{subsection.18.2}{\376\377\000R\000e\000a\000l\000-\000W\000o\000r\000l\000d\000\040\000U\000s\000e\000\040\000C\000a\000s\000e\000s}{section.18}% 48
\BOOKMARK [1][-]{section.19}{\376\377\000G\000l\000o\000s\000s\000a\000r\000y\000\040\000o\000f\000\040\000T\000e\000c\000h\000n\000i\000c\000a\000l\000\040\000T\000e\000r\000m\000s}{}% 49
\BOOKMARK [1][-]{section.20}{\376\377\000C\000o\000n\000c\000l\000u\000s\000i\000o\000n}{}% 50
\BOOKMARK [2][-]{subsection.20.1}{\376\377\000P\000e\000r\000f\000o\000r\000m\000a\000n\000c\000e\000\040\000B\000e\000n\000c\000h\000m\000a\000r\000k\000s}{section.20}% 51
\BOOKMARK [2][-]{subsection.20.2}{\376\377\000F\000u\000t\000u\000r\000e\000\040\000R\000o\000a\000d\000m\000a\000p}{section.20}% 52
\BOOKMARK [2][-]{subsection.20.3}{\376\377\000G\000e\000t\000\040\000I\000n\000v\000o\000l\000v\000e\000d}{section.20}% 53
